05-Nov-25 10:08:13"INFO ********test_title_verification********
05-Nov-25 10:08:15"INFO ********title verification test passed********
05-Nov-25 10:08:16"INFO ********test_valid_admin_login********
05-Nov-25 10:08:23"INFO ********test_valid_admin_login test passed********
05-Nov-25 10:14:05"INFO ********test_title_verification********
05-Nov-25 10:14:07"INFO ********title verification test passed********
05-Nov-25 10:23:21"INFO ********test_title_verification********
05-Nov-25 10:23:23"INFO ********title verification test passed********
05-Nov-25 10:23:25"INFO ********test_valid_admin_login********
05-Nov-25 10:23:29"INFO ********test_valid_admin_login test passed********
05-Nov-25 10:23:31"INFO ********test_invalid_admin_login********
05-Nov-25 10:23:34"INFO ********test_invalid_admin_login test passed********
05-Nov-25 10:25:50"INFO ********test_title_verification********
05-Nov-25 10:25:59"INFO ********title verification test passed********
05-Nov-25 10:26:00"INFO ********test_valid_admin_login********
05-Nov-25 10:26:06"INFO ********test_valid_admin_login test passed********
05-Nov-25 10:26:08"INFO ********test_invalid_admin_login********
05-Nov-25 10:26:12"INFO ********test_invalid_admin_login test passed********
05-Nov-25 10:26:34"INFO ********test_title_verification********
05-Nov-25 10:26:35"INFO ********title verification test passed********
05-Nov-25 10:26:37"INFO ********test_valid_admin_login********
05-Nov-25 10:26:43"INFO ********test_valid_admin_login test passed********
05-Nov-25 10:26:45"INFO ********test_invalid_admin_login********
05-Nov-25 10:26:48"INFO ********test_invalid_admin_login test passed********
05-Nov-25 10:29:34"INFO ********test_title_verification********
05-Nov-25 10:29:34"INFO ********test_valid_admin_login********
05-Nov-25 10:29:34"INFO ********test_invalid_admin_login********
05-Nov-25 10:29:36"INFO ********title verification test passed********
05-Nov-25 10:29:38"INFO ********test_invalid_admin_login test passed********
05-Nov-25 10:29:40"INFO ********test_valid_admin_login test passed********
05-Nov-25 10:31:35"INFO ********test_valid_admin_login********
05-Nov-25 10:31:35"INFO ********test_title_verification********
05-Nov-25 10:31:35"INFO ********test_invalid_admin_login********
05-Nov-25 10:31:36"INFO ********title verification test passed********
05-Nov-25 10:31:41"INFO ********test_invalid_admin_login test passed********
05-Nov-25 10:31:44"INFO ********test_valid_admin_login test passed********
05-Nov-25 10:32:58"INFO ********test_title_verification********
05-Nov-25 10:32:58"INFO ********test_valid_admin_login********
05-Nov-25 10:32:58"INFO ********test_invalid_admin_login********
05-Nov-25 10:33:02"INFO ********title verification test passed********
05-Nov-25 10:33:04"INFO ********test_invalid_admin_login test passed********
05-Nov-25 10:33:06"INFO ********test_valid_admin_login test passed********
05-Nov-25 20:43:41"INFO ********test_invalid_admin_login********
05-Nov-25 20:43:45"INFO ********test_invalid_admin_login test passed********
05-Nov-25 20:44:07"INFO ********test_valid_admin_login********
05-Nov-25 20:44:13"INFO ********test_valid_admin_login test passed********
05-Nov-25 20:44:29"INFO ********test_title_verification********
05-Nov-25 20:44:30"INFO ********title verification test passed********
05-Nov-25 20:44:32"INFO ********test_valid_admin_login********
05-Nov-25 20:44:38"INFO ********test_valid_admin_login test passed********
05-Nov-25 20:57:56"INFO ********test_valid_admin_login********
05-Nov-25 20:58:02"INFO ********test_valid_admin_login test passed********
